Electric Version 9.07
--------------- 0 --------------
  Wed Jan 13 10:37:00 IST 2021
Menu Activated: /home/vasid/.git/courses/dic_proj/lib/project.jelib
--------------- 1 --------------
  Wed Jan 13 10:37:09 IST 2021
ProcessKeyBinding 401 when=1610514429663 modifiers=200 code=12 char=ffff false false
--------------- 2 --------------
  Wed Jan 13 10:37:22 IST 2021
ProcessKeyBinding 401 when=1610514442791 modifiers=80 code=11 char=ffff false false
--------------- 3 --------------
  Wed Jan 13 10:37:24 IST 2021
ProcessKeyBinding 402 when=1610514444598 modifiers=0 code=11 char=ffff false false
--------------- 4 --------------
  Wed Jan 13 10:46:42 IST 2021
ProcessKeyBinding 401 when=1610515002257 modifiers=80 code=11 char=ffff false false
--------------- 5 --------------
  Wed Jan 13 10:46:43 IST 2021
ProcessKeyBinding 402 when=1610515003841 modifiers=0 code=11 char=ffff false false
--------------- 6 --------------
  Wed Jan 13 10:46:49 IST 2021
ProcessKeyBinding 401 when=1610515009617 modifiers=200 code=12 char=ffff false false
--------------- 7 --------------
  Wed Jan 13 11:05:53 IST 2021
ProcessKeyBinding 401 when=1610516153619 modifiers=80 code=11 char=ffff false false
--------------- 8 --------------
  Wed Jan 13 11:05:53 IST 2021
Menu Activated: Edit | Selection | Select All
--------------- 9 --------------
  Wed Jan 13 11:05:53 IST 2021
ProcessKeyBinding 400 when=1610516153752 modifiers=80 code=0 char=1 false false
--------------- 10 --------------
  Wed Jan 13 11:05:54 IST 2021
ProcessKeyBinding 402 when=1610516153898 modifiers=0 code=11 char=ffff false false
--------------- 11 --------------
  Wed Jan 13 11:05:56 IST 2021
ProcessKeyBinding 401 when=1610516156192 modifiers=80 code=11 char=ffff false false
--------------- 12 --------------
  Wed Jan 13 11:05:56 IST 2021
Menu Activated: Edit | Properties | Object Properties...
Currently highlighted: 
    SPICE code
--------------- 13 --------------
  Wed Jan 13 11:06:00 IST 2021
ProcessKeyBinding 400 when=1610516156543 modifiers=80 code=0 char=9 false false
--------------- 14 --------------
  Wed Jan 13 11:06:00 IST 2021
ProcessKeyBinding 402 when=1610516156698 modifiers=0 code=11 char=ffff false false
--------------- 15 --------------
  Wed Jan 13 11:09:15 IST 2021
ProcessKeyBinding 401 when=1610516355575 modifiers=80 code=11 char=ffff false false
--------------- 16 --------------
  Wed Jan 13 11:09:15 IST 2021
Menu Activated: Tools | Simulation (Spice) | Write Spice Deck...
--------------- 17 --------------
  Wed Jan 13 11:09:15 IST 2021
ProcessKeyBinding 400 when=1610516355783 modifiers=80 code=0 char=12 false false
--------------- 18 --------------
  Wed Jan 13 11:09:15 IST 2021
ProcessKeyBinding 402 when=1610516355969 modifiers=0 code=11 char=ffff false false
--------------- 19 --------------
  Wed Jan 13 11:12:28 IST 2021
ProcessKeyBinding 401 when=1610516548154 modifiers=200 code=12 char=ffff false false
--------------- 20 --------------
  Wed Jan 13 11:22:19 IST 2021
ProcessKeyBinding 401 when=1610517139091 modifiers=80 code=11 char=ffff false false
--------------- 21 --------------
  Wed Jan 13 11:22:19 IST 2021
Menu Activated: File | Save All Libraries
--------------- 22 --------------
  Wed Jan 13 11:22:19 IST 2021
ProcessKeyBinding 400 when=1610517139338 modifiers=80 code=0 char=13 false false
--------------- 23 --------------
  Wed Jan 13 11:22:19 IST 2021
ProcessKeyBinding 402 when=1610517139557 modifiers=0 code=11 char=ffff false false
--------------- 24 --------------
  Wed Jan 13 11:22:22 IST 2021
Menu Activated: File | Preferences...
--------------- 25 --------------
  Wed Jan 13 11:22:58 IST 2021
ProcessKeyBinding 401 when=1610517178558 modifiers=80 code=11 char=ffff false false
--------------- 26 --------------
  Wed Jan 13 11:22:59 IST 2021
Menu Activated: Tools | Simulation (Spice) | Write Spice Deck...
--------------- 27 --------------
  Wed Jan 13 11:22:59 IST 2021
ProcessKeyBinding 400 when=1610517179695 modifiers=80 code=0 char=12 false false
--------------- 28 --------------
  Wed Jan 13 11:25:01 IST 2021
Menu Activated: File | Preferences...
--------------- 29 --------------
  Wed Jan 13 11:25:30 IST 2021
ProcessKeyBinding 401 when=1610517330470 modifiers=80 code=11 char=ffff false false
--------------- 30 --------------
  Wed Jan 13 11:25:30 IST 2021
Menu Activated: Tools | Simulation (Spice) | Write Spice Deck...
--------------- 31 --------------
  Wed Jan 13 11:25:30 IST 2021
ProcessKeyBinding 400 when=1610517330839 modifiers=80 code=0 char=12 false false
