Electric Version 9.07
--------------- 0 --------------
  Tue Jan 05 20:26:55 IST 2021
Menu Activated: /home/vasid/.git/courses/dic_proj/lib/exp/project.jelib
--------------- 1 --------------
  Tue Jan 05 20:27:04 IST 2021
ProcessKeyBinding 401 when=1609858624155 modifiers=80 code=11 char=ffff false false
--------------- 2 --------------
  Tue Jan 05 20:27:06 IST 2021
ProcessKeyBinding 402 when=1609858626907 modifiers=0 code=11 char=ffff false false
--------------- 3 --------------
  Tue Jan 05 20:27:12 IST 2021
ProcessKeyBinding 401 when=1609858632159 modifiers=80 code=11 char=ffff false false
--------------- 4 --------------
  Tue Jan 05 20:27:12 IST 2021
ProcessKeyBinding 402 when=1609858632863 modifiers=0 code=11 char=ffff false false
--------------- 5 --------------
  Tue Jan 05 20:27:13 IST 2021
ProcessKeyBinding 401 when=1609858633504 modifiers=80 code=11 char=ffff false false
--------------- 6 --------------
  Tue Jan 05 20:27:16 IST 2021
ProcessKeyBinding 402 when=1609858636061 modifiers=0 code=11 char=ffff false false
--------------- 7 --------------
  Tue Jan 05 20:29:35 IST 2021
Menu Activated: /home/vasid/.git/courses/dic_proj/lib/project.jelib
--------------- 8 --------------
  Tue Jan 05 20:29:49 IST 2021
ProcessKeyBinding 401 when=1609858789410 modifiers=80 code=11 char=ffff false false
--------------- 9 --------------
  Tue Jan 05 20:29:50 IST 2021
ProcessKeyBinding 402 when=1609858790551 modifiers=0 code=11 char=ffff false false
--------------- 10 --------------
  Tue Jan 05 20:30:14 IST 2021
Menu Activated: /home/vasid/.git/courses/dic_proj/lib/exp/project.jelib
--------------- 11 --------------
  Tue Jan 05 20:30:22 IST 2021
Menu Activated: /home/vasid/.git/courses/dic_proj/lib/project.jelib
--------------- 12 --------------
  Tue Jan 05 20:30:57 IST 2021
ProcessKeyBinding 401 when=1609858857742 modifiers=200 code=12 char=ffff false false
--------------- 13 --------------
  Tue Jan 05 20:31:09 IST 2021
ProcessKeyBinding 401 when=1609858869562 modifiers=200 code=12 char=ffff false false
--------------- 14 --------------
  Tue Jan 05 20:31:14 IST 2021
ProcessKeyBinding 401 when=1609858874748 modifiers=200 code=12 char=ffff false false
--------------- 15 --------------
  Tue Jan 05 20:31:31 IST 2021
ProcessKeyBinding 401 when=1609858891531 modifiers=200 code=12 char=ffff false false
--------------- 16 --------------
  Tue Jan 05 20:32:01 IST 2021
ProcessKeyBinding 401 when=1609858921227 modifiers=200 code=12 char=ffff false false
--------------- 17 --------------
  Tue Jan 05 20:32:41 IST 2021
Menu Activated: File | Open Library...
--------------- 18 --------------
  Tue Jan 05 20:32:52 IST 2021
ProcessKeyBinding 401 when=1609858972289 modifiers=80 code=11 char=ffff false false
--------------- 19 --------------
  Tue Jan 05 20:32:53 IST 2021
ProcessKeyBinding 402 when=1609858973317 modifiers=0 code=11 char=ffff false false
--------------- 20 --------------
  Tue Jan 05 20:32:53 IST 2021
ProcessKeyBinding 401 when=1609858973590 modifiers=40 code=10 char=ffff false false
--------------- 21 --------------
  Tue Jan 05 20:32:54 IST 2021
ProcessKeyBinding 402 when=1609858974272 modifiers=0 code=10 char=ffff false false
--------------- 22 --------------
  Tue Jan 05 20:32:54 IST 2021
ProcessKeyBinding 401 when=1609858974446 modifiers=80 code=11 char=ffff false false
--------------- 23 --------------
  Tue Jan 05 20:32:55 IST 2021
ProcessKeyBinding 402 when=1609858975118 modifiers=0 code=11 char=ffff false false
--------------- 24 --------------
  Tue Jan 05 20:32:57 IST 2021
ProcessKeyBinding 401 when=1609858977123 modifiers=80 code=11 char=ffff false false
--------------- 25 --------------
  Tue Jan 05 20:32:58 IST 2021
ProcessKeyBinding 402 when=1609858978079 modifiers=0 code=11 char=ffff false false
